<?xml version="1.0" encoding="UTF-8"?>
<!-- Generated by org.testng.reporters.JUnitReportReporter -->
<testsuite skipped="0" hostname="TYSS-TestComplete" name="com.redbus.practiceDemo.JavaOCRTextValidation" tests="1" failures="0" timestamp="01 Jul 2019 11:50:09 GMT" time="1.652" errors="0">
  <testcase name="dataProviderTest" time="1.652" classname="com.redbus.practiceDemo.JavaOCRTextValidation"/>
</testsuite> <!-- com.redbus.practiceDemo.JavaOCRTextValidation -->
